414 431
304 431
381 440
137 454
14 295
58 86
320 95
480 49
368 69
-24 540
170 104
70 214
414 232
325 54
480 124
79 202
240 392
394 282
68 143
130 425
85 254
349 412
296 314
210 276
315 258
198 54
514 3
496 415
321 293
489 48
285 456
325 244
99 441
278 361
126 462
422 383
210 79
217 20
215 203
80 408
112 300
118 387
188 368
530 149
245 260
504 457
198 504
211 197
351 370
88 129
507 225
267 377
80 101
413 508
252 169
117 435
333 389
223 327
491 67
343 32
247 176
55 192
266 356
381 507
148 490
352 99
230 123
52 19
65 193
80 348
510 216
429 215
102 313
268 390
408 400
202 80
60 146
369 351
461 179
398 174
299 255
17 182
466 366
441 79
509 248
375 171
470 335
309 185
176 369
302 372
-7 317
187 434
369 481
162 145
94 271
260 400
25 467
26 119
41 96
222 19
342 237
29 10
24 99
233 231
175 182
147 339
58 12
269 4
121 181
234 104
212 193
456 281
248 259
358 393
472 285
399 370
358 240
38 194
464 307
363 333
221 524
277 224
274 144
207 502
327 76
207 194
101 101
135 288
142 197
380 463
494 306
255 113
416 510
504 166
121 88
23 331
451 503
103 389
440 235
114 304
50 93
304 482
136 262
117 421
480 49
278 219
263 102
234 275
118 458
300 96
342 368
22 90
436 537
244 438
495 325
106 477
532 45
419 291
295 18
448 61
331 54
335 248
297 158
90 118
437 459
280 84
430 402
420 172
30 6
202 31
265 349
512 260
364 307
289 200
487 230
-3 524
264 353
134 500
2 449
204 124
-31 131
419 361
458 495
157 63
99 299
247 226
173 156
163 49
269 184
181 193
305 479
292 192
86 37
181 74
187 478
282 56
381 244
156 289
490 362
33 210
26 371
415 359
61 379
424 316
217 478
377 114
389 299
145 395
516 39
256 328
89 502
143 35
428 53
194 409
215 285
118 371
467 235
23 388
363 89
431 25
234 107
389 263
354 325
396 121
448 93
149 452
381 27
351 464
203 499
351 149
218 9
120 371
137 169
444 470
464 369
54 153
317 171
328 467
430 409
253 91
471 383
331 511
367 204
341 8
497 185
460 502
218 450
328 115
95 430
171 170
502 498
127 450
136 366
488 285
492 47
140 5
163 391
46 70
286 186
149 484
326 266
355 16
102 205
216 109
207 232
22 44
198 239
159 446
258 328
197 58
115 496
467 122
308 188
120 423
28 23
341 34
194 380
132 426
495 463
360 142
75 419
204 362
394 260
427 239
17 311
528 24
180 67
266 173
109 294
263 545
351 242
244 356
52 227
195 421
112 260
355 21
452 478
85 81
277 441
482 229
419 76
309 75
511 154
98 314
247 102
495 -2
116 422
32 342
227 402
489 242
416 429
275 377
206 109
414 40
8 491
51 143
228 466
421 114
441 511
52 149
367 469
427 454
12 214
339 381
227 382
81 117
208 477
453 153
465 260
248 428
336 460
127 338
185 378
400 448
167 442
206 32
225 537
409 274
475 251
103 168
396 464
157 343
331 -1
299 176
471 536
512 502
165 296
47 81
383 27
348 424
57 -2
251 116
491 128
475 246
383 165
118 473
200 433
352 370
245 263
448 505
197 243
273 105
178 212
283 430
124 90
77 134
262 505
93 412
219 50
306 27
304 192
205 447
35 163
199 379
71 -40
305 303
312 373
100 182
135 92
103 176
194 97
34 441
382 236
332 391
89 111
468 275
19 124
88 330
196 361
212 155
97 121
257 129
118 476
469 436
525 16
237 402
7 392
475 187
85 453
237 434
444 304
199 379
283 177
490 468
359 19
27 264
310 12
385 270
118 432
221 238
389 314
473 263
367 505
347 417
118 493
42 378
240 167
69 357
321 292
141 496
226 294
468 296
415 286
167 493
88 509
447 476
318 186
457 257
399 211
397 198
100 260
361 122
405 367
178 228
276 200
407 254
49 428
13 273
288 185
23 233
248 256
298 157
426 45
209 51
233 392
244 239
411 376
430 408
395 174
495 182
478 392
316 494
216 99
239 108
328 24
191 52
498 413
239 406
205 400
139 136
119 32
495 213
262 476
425 448
289 155
348 109
494 68
356 233
216 401
467 411
413 165
17 484
241 260
159 164
303 369
488 80
74 463
367 467
406 285
161 84
224 46
472 436
77 281
346 234
316 159
277 105
253 25
268 191
211 305
453 404
408 380
175 488
23 286
59 304
44 27
27 154
121 453
22 253
487 183
465 234
267 64
71 513
285 323
-20 306
213 9
200 194
241 524
315 186
283 483
285 388
117 372
190 46
497 217
213 292
48 47
58 484
289 445
2 310
-9 51
222 216
467 433
28 425
125 232
370 326
492 307
321 232
85 392
103 419
308 472
234 61
206 29
81 267
388 263
450 380
114 259
324 489
399 211
233 276
174 18
527 25
38 332
12 211
39 342
143 126
478 398
441 10
379 388
426 114
464 200
439 392
474 415
295 296
176 134
320 23
460 41
441 313
44 199
273 315
325 469
495 216
197 119
214 92
239 507
294 125
132 252
86 257
116 282
56 190
225 21
476 53
209 243
419 227
142 246
171 235
116 151
371 446
141 280
170 453
184 260
362 453
-24 244
76 249
211 16
220 403
191 58
197 8
472 303
372 313
246 235
197 54
54 343
523 12
372 71
363 69
411 427
164 379
104 353
27 376
78 11
485 116
404 293
128 441
388 418
319 364
65 224
246 181
374 429
446 238
327 241
168 25
146 204
283 198
311 474
114 368
202 500
113 470
343 338
304 117
135 200
212 491
313 188
166 199
196 3
405 182
149 232
459 485
163 372
156 275
204 363
362 77
317 470
357 176
396 378
63 249
217 98
330 9
45 392
411 209
138 233
489 132
343 306
352 19
60 425
178 207
23 371
344 456
8 532
335 403
155 46
61 304
353 522
484 418
242 319
74 395
3 458
367 357
20 2
470 -32
13 503
282 371
389 527
458 262
487 467
380 -4
205 142
369 1
293 270
438 107
325 375
22 396
137 393
153 153
234 394
516 146
387 410
57 490
123 10
89 393
55 154
113 422
131 171
485 79
356 404
69 488
107 246
21 230
454 129
390 65
43 133
153 494
449 309
353 442
101 312
181 309
245 133
247 442
25 463
134 500
95 478
468 477
421 84
92 412
121 466
411 195
199 502
108 182
203 379
244 320
358 87
82 259
173 205
294 66
158 288
324 380
303 245
17 444
213 486
418 174
497 331
375 458
4 424
472 377
139 470
369 387
56 288
68 208
-42 187
376 432
277 202
132 480
146 423
-6 49
271 378
380 46
104 49
125 203
318 77
406 183
58 152
363 101
23 210
289 77
484 277
76 414
415 511
455 503
477 253
178 21
428 452
102 120
366 145
492 401
395 442
111 443
43 493
166 246
250 344
497 457
99 300
112 304
34 165
372 112
119 469
244 357
461 491
86 405
427 213
345 -11
319 462
438 393
174 481
165 439
453 104
439 482
292 266
136 132
271 462
332 120
464 485
371 439
35 349
484 45
336 8
205 473
193 453
154 340
258 52
49 344
224 253
246 303
140 370
221 446
192 528
273 284
324 473
424 202
46 237
327 467
81 117
470 177
356 63
54 162
506 285
376 323
185 97
85 501
306 487
172 452
480 325
193 374
26 260
487 5
393 434
416 361
283 290
313 336
166 371
163 432
185 487
221 301
501 367
150 497
114 177
78 116
28 157
56 279
441 196
247 445
158 47
389 313
204 380
135 147
294 497
369 326
466 415
272 449
180 196
23 382
273 190
469 190
86 265
266 490
51 336
380 385
230 470
275 203
222 46
371 167
403 318
81 209
26 292
15 365
103 21
332 394
280 411
450 382
214 461
130 23
362 6
304 151
503 80
503 168
471 381
34 443
196 163
466 15
203 130
196 227
150 165
308 261
324 342
226 275
456 275
402 209
112 68
460 236
243 104
67 202
448 157
504 128
116 69
381 1
520 187
149 166
112 411
73 96
337 398
77 348
431 286
105 489
26 420
410 410
473 164
488 241
29 173
155 288
314 472
490 231
467 328
71 385
408 163
494 395
262 376
75 361
88 442
131 195
122 245
149 164
455 477
411 -37
454 312
318 216
497 49
399 353
198 361
284 205
385 52
229 113
263 246
429 215
226 369
246 309
291 241
316 410
205 453
53 136
106 47
122 117
438 429
238 258
20 235
179 46
434 248
83 279
309 155
157 189
383 244
272 146
464 498
210 256
351 166
315 492
75 196
412 173
164 332
321 498
40 98
238 110
214 466
334 190
316 411
263 331
366 421
309 166
422 164
514 414
311 436
109 306
465 471
321 362
379 168
383 116
406 252
288 136
415 369
19 405
487 468
238 436
135 135
131 403
127 460
541 250
56 337
441 77
7 410
180 78
88 446
99 251
446 470
39 4
500 123
218 117
103 9
242 209
260 104
120 11
139 502
428 174
222 241
192 235
73 469
440 448
273 401
118 359
494 79
194 180
458 478
236 461
255 103
39 495
