409 418
279 468
386 445
101 474
20 299
42 78
385 101
497 40
343 58
15 502
171 109
71 240
425 227
288 56
479 122
77 170
201 401
385 280
45 131
157 451
86 267
346 406
280 356
238 267
333 251
190 42
511 5
481 413
323 290
468 52
278 475
316 255
113 497
288 353
134 452
424 382
219 72
208 13
183 185
90 403
89 292
136 394
184 377
507 141
193 250
510 455
183 495
187 182
348 397
84 130
470 211
256 333
78 96
414 502
267 160
129 472
335 403
221 325
456 77
366 38
255 163
57 194
262 342
357 509
116 469
271 95
283 116
46 24
64 186
34 368
491 200
412 219
113 313
287 385
420 392
204 70
38 150
358 380
440 184
374 181
270 287
5 187
452 381
453 66
491 253
428 163
475 352
312 184
191 371
277 390
4 348
184 428
378 484
174 112
125 270
303 390
25 465
81 99
32 93
206 7
392 224
28 7
31 95
245 206
184 174
149 336
43 15
262 7
130 194
218 147
207 208
455 254
227 289
360 408
467 273
400 418
378 237
32 180
446 287
343 363
219 510
264 245
257 149
231 459
241 65
199 208
68 126
183 321
134 166
392 480
503 319
286 115
409 486
503 172
122 86
20 326
443 480
59 417
447 233
107 303
19 88
314 467
127 212
90 442
457 59
282 218
224 90
220 288
113 430
330 95
330 392
33 94
413 508
241 435
501 334
128 441
490 44
423 292
313 15
431 80
293 56
322 257
315 171
82 133
451 490
262 82
430 390
428 176
47 22
220 34
263 360
498 234
323 347
281 187
455 249
17 500
249 347
137 472
9 443
174 165
23 135
423 382
454 500
164 92
82 305
219 252
170 153
168 71
269 208
174 208
328 482
269 201
90 32
213 58
218 481
330 56
341 258
129 270
502 360
31 205
72 361
411 359
86 371
413 308
223 482
361 108
421 303
71 401
466 53
260 325
87 506
94 18
427 55
216 411
232 310
105 363
455 267
30 371
344 77
467 13
213 78
399 274
335 348
382 123
434 101
138 480
370 4
327 473
197 488
339 147
197 6
119 376
155 169
445 477
465 374
117 100
293 158
348 460
442 428
286 95
452 389
346 489
382 199
306 18
474 163
452 485
214 481
257 115
102 419
163 178
509 482
109 442
145 374
503 301
507 35
151 3
163 393
48 67
283 181
149 449
303 277
355 17
98 193
226 78
216 228
10 55
179 207
177 451
242 296
168 30
118 442
465 127
310 183
113 422
32 24
362 12
173 363
136 432
457 486
355 146
76 411
187 365
429 271
401 241
46 323
493 28
215 61
266 172
79 303
240 504
391 234
244 360
51 232
223 420
122 228
351 21
460 488
109 68
266 438
446 254
418 69
344 77
508 154
75 314
232 107
484 16
110 420
45 362
241 405
491 248
407 416
264 357
205 106
413 45
12 489
52 156
195 471
450 88
449 492
28 142
372 463
450 477
5 202
321 405
226 392
51 137
192 444
464 152
472 250
242 422
351 455
113 333
192 383
401 449
159 434
190 13
160 473
456 315
486 240
130 151
393 461
155 340
290 5
288 157
497 509
496 511
123 244
43 92
388 32
351 416
47 23
243 121
476 124
468 260
371 168
127 474
183 429
349 380
255 239
428 445
213 242
269 106
187 231
283 431
121 84
83 131
290 479
77 450
208 47
253 9
303 197
211 451
42 173
192 376
52 0
317 293
310 376
103 199
142 105
100 222
197 116
36 421
423 230
312 406
68 125
467 261
29 126
94 329
173 364
198 178
97 92
259 125
135 478
454 417
498 24
233 374
14 343
437 198
85 470
162 417
455 314
184 371
280 183
446 485
355 11
48 258
311 12
408 276
105 452
177 222
391 317
481 248
370 509
353 423
132 472
69 356
232 195
74 356
285 320
128 460
211 278
471 299
384 281
163 486
76 499
452 496
308 188
458 253
422 205
354 209
120 256
350 117
404 363
178 227
275 191
403 251
48 423
18 280
279 193
36 256
231 261
270 156
423 38
200 61
279 402
228 248
424 383
443 415
391 177
465 172
476 409
309 497
215 93
211 74
369 40
205 46
484 435
204 395
204 394
136 136
124 34
487 208
257 481
466 478
265 172
362 108
502 71
327 255
229 380
487 414
440 158
13 486
219 298
124 171
310 357
464 87
71 476
387 472
422 292
175 105
237 53
476 436
79 281
346 232
341 166
316 105
240 2
294 191
202 299
452 422
406 366
182 477
55 306
76 303
52 21
18 147
122 485
35 253
487 184
469 229
249 59
82 477
293 317
3 372
199 4
190 191
243 503
305 178
274 500
264 390
98 364
186 59
509 227
199 287
22 47
53 493
291 442
29 329
34 51
215 229
468 437
33 395
118 227
354 341
509 336
327 225
98 391
87 445
314 489
215 60
201 25
92 241
400 265
463 343
148 270
335 454
419 205
244 260
179 19
505 27
96 354
42 280
10 340
114 167
494 386
443 11
385 423
428 123
457 205
438 400
485 412
302 289
197 111
254 10
454 45
452 324
33 180
267 354
350 460
493 218
191 87
208 71
242 503
324 126
83 264
87 253
125 283
49 238
212 13
489 57
180 224
386 235
156 263
165 219
118 146
372 443
140 276
199 447
195 267
325 481
9 267
67 257
208 12
221 393
181 39
204 11
478 308
357 323
221 252
187 68
31 330
496 29
360 70
303 66
416 428
160 368
69 362
41 364
94 7
508 126
409 296
135 472
404 349
327 340
46 179
245 194
360 388
431 243
329 240
168 10
133 168
288 202
294 494
67 353
190 444
126 464
329 371
311 117
139 232
199 486
357 187
172 237
213 16
434 173
161 257
451 504
169 379
131 247
174 343
356 72
314 499
346 176
401 368
61 249
230 108
331 12
32 440
430 203
137 230
481 117
356 295
349 0
69 404
183 209
40 366
336 481
21 511
340 368
170 74
25 293
367 479
475 419
237 271
113 389
7 443
361 366
10 23
443 0
41 468
267 354
386 491
476 231
511 447
386 9
218 113
386 9
275 274
440 102
334 351
25 383
148 393
169 121
226 386
493 146
387 414
60 480
124 9
125 387
33 163
123 420
139 181
459 92
368 421
69 491
76 268
26 244
452 152
364 89
54 153
138 483
451 310
316 473
34 312
175 303
240 136
234 432
37 422
112 489
103 491
472 471
422 93
73 456
131 449
367 206
200 500
101 170
182 371
260 342
296 76
88 248
172 209
284 67
123 265
300 403
302 268
17 444
199 498
400 183
493 321
377 470
6 414
475 343
121 468
380 353
36 273
65 192
9 212
387 444
271 206
121 447
165 441
11 54
288 352
382 29
87 58
114 200
294 77
421 174
49 130
374 100
19 201
312 77
475 260
70 430
409 490
449 498
506 256
207 32
427 458
47 155
367 146
493 371
386 392
117 445
46 484
185 261
244 353
495 462
121 291
141 318
11 144
411 86
116 447
240 349
490 465
96 401
403 219
304 2
344 443
438 393
207 450
138 416
495 79
456 479
291 263
140 116
267 470
326 114
437 493
382 469
27 350
481 41
337 6
214 493
218 484
146 338
232 38
101 339
216 252
247 320
160 391
197 451
137 474
261 323
347 467
436 197
53 231
334 475
92 121
481 183
351 57
30 135
469 276
401 316
182 92
76 502
303 493
208 452
470 316
169 361
24 252
491 8
388 425
385 374
262 351
303 369
173 379
155 453
174 481
218 287
477 392
160 440
115 180
48 151
25 154
28 249
425 201
225 432
162 35
376 323
208 371
140 128
332 455
378 323
487 383
270 435
178 222
60 355
279 179
432 200
84 257
267 488
34 345
383 388
228 475
281 185
225 47
382 163
420 324
80 202
48 303
1 415
133 26
334 413
230 404
450 341
216 453
129 23
358 24
304 151
508 82
498 165
463 376
31 455
164 206
437 45
207 102
205 230
131 171
282 278
325 347
220 301
465 292
396 210
96 69
481 231
237 98
66 180
458 139
501 120
131 79
372 4
507 176
178 151
134 415
82 86
335 407
64 350
395 274
137 476
24 433
407 397
449 182
474 263
13 158
169 300
316 479
463 232
478 342
66 389
438 159
478 423
268 357
79 348
110 422
136 229
120 209
152 170
466 467
428 21
464 324
291 239
487 54
409 392
176 368
262 225
379 35
193 84
248 321
399 222
229 377
230 309
340 210
345 354
205 503
55 144
96 52
117 100
444 424
229 263
22 229
227 48
467 220
63 279
304 151
163 180
386 243
260 147
440 478
234 244
345 165
318 502
76 197
398 173
158 326
291 494
4 95
234 97
222 464
306 187
301 420
261 301
375 430
288 156
446 156
502 432
320 427
98 300
455 482
292 394
383 169
371 111
377 256
297 135
405 391
17 417
472 471
247 458
106 170
125 399
121 436
508 192
127 339
454 44
3 423
197 54
85 460
105 227
438 502
35 28
491 132
192 164
67 19
244 210
225 94
131 11
114 441
446 170
242 193
183 229
76 453
450 454
302 388
77 352
469 84
192 200
456 482
237 463
231 98
39 490
