17 -0.613976
10 0.441701
15 -0.508242
22 0.395537
9 -0.413668
22 0.332884
14 -0.253360
24 0.976347
8 0.850679
6 0.011593
22 0.921505
3 0.835571
2 0.483371
14 -0.478825
19 0.169855
2 -0.589309
3 0.204424
11 -0.205942
11 -0.159710
4 0.484225
19 -0.219739
7 0.731854
21 0.027641
23 0.968233
19 0.843631
11 -0.192064
25 0.605225
4 0.972459
14 -0.339752
21 0.570482
17 0.452139
22 -0.874815
22 0.270146
4 -0.974155
23 0.001737
23 -0.651771
6 0.085517
10 -0.217967
2 -0.896734
21 0.385558
21 -0.516554
10 0.171306
16 0.833934
22 -0.355988
8 -0.973216
5 -0.201279
24 -0.759480
24 -0.892663
18 -0.890260
10 -0.215459
23 0.490976
14 -0.689926
2 0.019873
12 -0.020750
13 0.199614
10 -0.251928
9 -0.538579
7 -0.168390
25 0.649550
2 -0.271287
17 -0.887873
6 0.843668
22 -0.286370
23 0.844097
13 -0.030632
7 0.320770
22 -0.293567
1 0.774023
15 -0.738854
8 -0.231956
17 0.259721
13 -0.175165
16 0.479206
22 -0.124084
1 0.223402
3 0.651169
9 0.990091
9 -0.830489
3 -0.249793
4 0.889715
7 0.925722
12 -0.603059
7 -0.732965
5 -0.705861
20 -0.244575
25 -0.283362
12 -0.715247
9 0.336966
1 -0.114667
19 0.212538
2 -0.460861
2 -0.486609
1 0.606623
20 -0.772553
12 0.374500
24 0.690685
2 0.477574
3 0.685442
13 0.741955
22 0.515164
18 0.154786
22 0.812072
14 0.848425
22 -0.783279
24 -0.385394
14 0.242879
7 0.202960
22 0.285257
19 -0.540821
13 0.091061
6 -0.284056
6 -0.056526
21 0.362527
4 0.365321
10 0.892981
13 0.671266
3 0.622922
9 -0.172946
20 0.334171
11 0.690503
22 0.359215
17 -0.057861
20 -0.540273
23 0.038530
12 -0.340846
13 -0.049007
6 -0.556561
14 0.668874
20 0.750665
2 -0.984757
10 -0.653197
9 0.732814
2 0.582988
2 0.679316
22 -0.486188
17 -0.407666
8 -0.143376
15 -0.433144
2 -0.101945
15 -0.651267
17 -0.489036
24 0.500327
4 -0.829495
20 -0.427207
19 -0.823596
12 -0.046968
19 0.476869
17 -0.158975
24 -0.435019
15 0.290299
22 0.020233
1 0.163406
18 -0.454987
11 0.618687
16 -0.712526
3 0.542697
11 -0.224722
23 0.311493
24 -0.497101
11 -0.312017
10 -0.900892
14 -0.818596
14 0.605034
5 -0.866284
17 0.244091
24 0.965810
5 -0.334475
11 0.541953
6 -0.822467
4 -0.432585
18 0.725772
21 0.183824
6 0.232358
20 0.203652
17 -0.594350
12 0.632557
22 -0.148571
13 -0.169917
13 0.731495
4 -0.467371
16 -0.269276
21 -0.017675
16 -0.909133
14 -0.207383
5 -0.403040
7 -0.364886
21 -0.288342
4 -0.162644
16 -0.206532
4 0.976514
18 0.450743
19 -0.748753
8 -0.534859
16 -0.282295
6 -0.102546
23 0.968276
8 0.210526
4 -0.567285
4 0.743635
15 -0.044973
23 -0.035520
6 -0.091405
22 -0.836159
20 0.002124
15 0.646487
21 -0.625561
12 0.632393
15 0.554400
4 0.804793
4 0.956760
3 0.035440
18 -0.273396
9 0.458264
18 0.631619
6 0.900630
11 -0.317633
13 0.014303
11 0.897028
16 0.088198
21 -0.196217
22 0.174873
4 0.675913
16 -0.093699
12 0.898622
6 0.585532
6 0.779087
6 -0.091094
25 0.102466
8 0.981049
18 -0.687543
4 0.129047
20 0.094943
13 0.786815
21 -0.170315
13 -0.424124
3 -0.772544
22 -0.283987
25 -0.537222
18 0.762522
12 -0.694879
19 -0.334521
16 -0.981994
3 0.063052
21 -0.578554
21 -0.295418
12 -0.894059
23 0.126527
22 -0.500041
10 -0.750468
1 -0.755220
23 0.560642
18 -0.008551
5 -0.076170
17 -0.895236
13 -0.349068
19 -0.444917
21 0.234487
13 0.140809
1 -0.505672
16 0.472759
8 -0.774060
21 -0.766430
10 0.941475
9 0.595500
9 -0.403543
23 0.829184
16 -0.365498
24 0.862121
20 -0.022770
20 0.321456
24 0.817748
14 -0.360014
11 0.452370
3 -0.358558
14 -0.754396
22 -0.845287
16 -0.124869
12 -0.741127
8 0.550155
19 0.546288
10 -0.493240
14 -0.953493
5 -0.807496
4 -0.981011
10 -0.487817
3 -0.164003
15 0.700433
1 -0.398700
17 0.484421
18 0.429336
21 0.932263
11 0.692913
3 0.013400
9 0.332355
10 0.413031
1 -0.526777
2 -0.995578
7 0.606100
18 -0.063576
16 -0.352724
17 -0.608831
16 -0.744515
1 0.682655
17 -0.355973
1 0.107314
20 -0.888672
2 -0.569593
24 -0.030550
3 -0.077227
19 -0.039096
24 0.605218
16 0.939830
2 0.712539
16 -0.123785
23 -0.097596
16 0.837571
5 0.838165
1 -0.397309
5 0.331858
1 0.555967
19 -0.688854
9 0.375147
12 -0.120662
20 -0.028376
22 0.974775
25 0.810810
7 -0.840617
25 0.864065
5 -0.602859
15 -0.740955
11 -0.219455
1 0.964460
25 0.606212
4 0.402165
5 0.350360
23 -0.404084
10 0.930495
21 -0.829862
24 -0.360657
14 0.387694
14 -0.899373
4 0.296225
23 0.268942
15 -0.268994
2 -0.669866
4 -0.967275
6 0.207049
5 0.852744
21 0.877147
21 0.990475
17 -0.837458
7 0.520949
9 -0.118151
14 -0.305441
12 0.823404
20 0.144961
24 0.706602
6 -0.832262
12 -0.172553
12 0.568148
12 -0.460074
25 -0.715879
14 -0.741564
8 0.068051
10 0.061293
19 -0.668952
4 -0.683735
13 -0.351262
18 0.586744
25 0.986283
4 -0.141832
7 -0.089980
22 -0.883054
3 -0.406495
24 0.476856
22 0.882401
21 -0.228654
25 -0.571183
5 0.960414
4 -0.674663
5 0.547029
7 -0.465566
24 0.369615
23 -0.627901
19 0.743921
24 0.684064
2 -0.449169
18 0.583380
1 0.299232
17 -0.274304
11 0.160846
21 0.126238
13 -0.011367
9 -0.681488
2 -0.023615
17 -0.374041
3 0.081321
2 0.039802
7 -0.290147
22 -0.136562
8 -0.594362
19 0.166265
8 -0.013248
20 -0.280126
3 0.762993
2 -0.390485
14 0.059684
21 0.906631
19 -0.898493
4 0.693538
19 -0.219302
1 0.346203
22 0.215406
1 0.584968
15 -0.552792
23 -0.336757
2 0.342138
17 -0.261157
23 0.524715
24 0.649723
19 0.817310
17 -0.762452
3 -0.288460
2 -0.802556
18 -0.749244
10 0.953712
7 -0.420676
13 -0.972096
4 -0.922551
12 0.586476
1 -0.019780
5 0.529878
16 0.418001
20 -0.828349
20 -0.873603
2 -0.871423
14 -0.647245
19 -0.620538
1 0.496279
22 -0.233715
11 -0.798452
11 0.272640
13 -0.964459
22 -0.931901
24 -0.564185
22 -0.985581
7 -0.058018
23 -0.868172
25 0.140774
1 0.780354
2 0.004412
20 -0.405387
18 -0.142863
22 0.334802
9 -0.977232
14 0.565553
25 0.876832
2 0.626891
9 -0.417944
23 -0.047244
4 0.668436
25 -0.497145
4 -0.124400
6 -0.354545
23 -0.646478
12 0.971596
8 -0.405594
24 0.662365
4 -0.189541
8 0.396322
3 -0.598282
14 -0.412776
2 0.307367
21 0.387870
15 -0.361410
25 -0.741122
17 -0.013894
5 -0.219131
25 -0.683602
22 0.470986
7 -0.789802
11 -0.398588
1 -0.374460
21 0.072104
11 0.252181
9 0.099022
11 0.560869
14 0.491139
13 0.578982
8 0.233785
7 -0.017972
3 -0.359763
16 -0.531081
7 -0.800260
20 -0.580136
25 0.714344
2 0.224951
18 0.124846
13 -0.475792
17 -0.120248
3 -0.127878
7 -0.059898
21 0.261504
7 0.200329
11 0.733134
17 -0.201017
6 0.043809
2 0.853955
21 -0.244538
14 -0.321238
16 -0.581177
18 0.609198
23 0.566606
25 0.200872
10 -0.760757
12 0.148667
16 0.722073
10 -0.178911
24 -0.049855
15 -0.388155
12 0.507721
6 -0.274104
7 -0.975219
4 0.423488
3 -0.216705
23 -0.476983
10 -0.464491
13 -0.352646
13 0.035457
2 -0.008650
16 -0.309733
22 -0.047910
11 0.884780
17 0.605205
24 0.122775
19 0.815971
6 0.982537
3 0.803310
14 0.951784
12 0.993179
20 -0.719345
22 0.906683
4 0.822269
25 0.857791
22 -0.959574
11 0.070199
18 0.576933
10 -0.585932
16 0.913297
9 -0.107680
25 0.839612
14 -0.517856
4 -0.515901
4 -0.713725
13 0.465663
4 0.727011
22 -0.355379
3 -0.634724
12 -0.435578
6 -0.946970
18 0.502369
23 -0.051624
1 0.760289
21 -0.985786
7 -0.593045
20 -0.368502
14 0.956410
22 -0.331406
17 -0.474228
21 -0.040529
4 0.114478
3 -0.777623
16 0.231248
24 -0.208340
1 0.901597
14 0.042911
8 0.419100
20 -0.861939
10 -0.128192
23 0.305826
18 0.943953
24 -0.464116
5 -0.447266
8 0.749263
7 0.587818
2 0.605448
25 0.995325
10 0.276661
8 -0.387021
12 -0.323763
2 -0.465033
19 0.259100
14 0.562424
25 -0.321340
1 0.011693
18 -0.685892
22 -0.320194
2 0.270854
20 -0.109653
14 0.893701
20 -0.957449
13 -0.705558
7 0.480578
1 0.713401
2 0.487584
7 0.710856
1 0.570211
5 -0.984802
25 0.545961
12 0.846094
23 0.353943
6 0.734812
11 -0.541107
3 0.302459
5 0.206462
11 0.890873
9 -0.598898
19 0.184135
14 0.415524
19 -0.922290
7 0.954331
6 -0.900766
24 -0.744090
20 -0.089338
23 -0.467385
24 -0.334963
14 -0.574618
18 0.164988
6 -0.699358
19 -0.588705
22 -0.040232
24 -0.207143
14 0.313393
19 -0.854421
3 -0.456846
21 -0.538598
11 0.325093
16 -0.514715
2 0.238231
5 -0.622698
10 0.839661
20 -0.250878
16 0.301420
12 -0.878524
12 0.373624
11 0.113902
18 -0.347985
22 0.022518
20 -0.101972
9 0.155973
23 -0.861450
18 -0.297380
14 0.488132
6 0.441230
14 -0.622096
9 0.416195
19 0.980973
2 0.386254
5 0.857429
22 -0.687610
15 -0.626967
8 -0.458909
2 -0.692044
5 0.732867
23 0.491168
19 -0.096974
16 0.989244
20 -0.303839
16 -0.369798
3 0.310133
19 0.157556
6 0.717437
6 -0.403184
25 -0.533306
23 -0.402430
8 -0.106160
18 0.132084
7 0.118477
2 0.766984
11 -0.669350
17 0.490843
18 0.590340
6 -0.785784
13 -0.459870
9 0.906934
18 0.817711
25 0.188187
24 -0.009394
16 -0.546508
3 -0.011258
22 0.454493
2 -0.740977
1 0.399237
17 -0.500066
13 -0.000221
14 0.624754
1 -0.344958
11 -0.199790
5 0.492808
19 -0.168553
3 -0.899047
18 0.271187
19 0.007606
4 0.236791
4 -0.194785
18 -0.987497
6 0.238112
12 -0.615268
7 -0.440664
7 0.761000
22 0.497316
13 -0.689360
25 -0.556925
2 0.040710
13 -0.160182
7 -0.782510
19 -0.660033
4 -0.191040
4 -0.846825
16 -0.672264
4 -0.896397
18 0.184666
8 -0.953276
21 -0.744823
19 0.253215
19 0.969496
20 0.248539
15 -0.295415
24 0.801197
4 -0.487684
12 -0.011728
24 0.312289
6 -0.529320
3 0.808121
18 0.449854
20 -0.905987
7 -0.503304
13 0.406550
18 -0.206291
12 0.815560
7 0.228339
8 0.688625
12 -0.635306
18 0.850631
15 0.773315
7 -0.766194
21 0.000678
13 0.807551
12 0.594625
24 -0.808297
7 0.952377
4 -0.229468
16 0.694351
17 -0.703139
19 0.210139
16 -0.811286
20 -0.276140
13 0.523263
25 -0.974551
23 0.916813
16 0.195070
3 0.080329
10 0.319831
8 -0.035211
8 0.339422
11 0.210077
18 -0.628176
22 0.592324
25 -0.677539
17 -0.157587
5 0.348270
7 -0.189537
3 -0.151830
20 -0.708612
3 0.511617
19 -0.369747
25 0.982967
24 0.946488
13 0.686999
2 0.088608
9 -0.406875
11 -0.016559
5 0.531957
17 -0.060855
24 0.396633
20 -0.610998
2 -0.013773
19 0.169118
13 0.424435
15 0.151929
14 0.590139
25 -0.877092
17 -0.781896
11 0.383030
21 0.731930
6 0.830565
7 0.077470
5 -0.577219
10 -0.693637
2 -0.471388
23 0.652123
3 0.139468
18 0.536112
25 -0.924793
21 -0.650324
18 -0.669347
4 0.857307
10 0.319706
8 0.618143
5 0.901006
6 0.938051
22 -0.323280
18 0.713071
12 0.888805
16 0.259993
16 -0.973842
2 0.436059
1 -0.652262
6 0.642508
6 0.297617
9 0.324386
3 0.317708
5 0.708939
7 -0.182452
18 -0.161928
22 0.553715
13 0.771061
15 -0.098423
8 0.341965
1 -0.258473
11 -0.446612
6 -0.498696
1 0.624804
16 0.823318
10 0.622797
11 0.549946
2 -0.178070
2 -0.116660
19 -0.857096
23 -0.652127
10 -0.365306
8 0.085973
16 0.400703
4 -0.714804
11 0.899077
25 0.861174
22 -0.510097
18 0.920897
22 0.338544
14 0.669501
9 0.464644
18 -0.893676
8 0.394122
3 0.306861
13 -0.140108
19 0.323045
24 -0.041138
2 -0.769353
24 0.992636
18 0.185802
14 0.827020
16 -0.537526
20 0.644777
8 0.370986
19 -0.722176
9 0.390147
13 -0.780132
15 -0.221211
4 0.399664
19 0.874613
11 0.842062
15 -0.404242
2 0.317903
19 -0.586521
13 0.206950
5 0.406152
18 0.842031
7 -0.408718
22 0.561439
7 -0.397720
25 -0.268408
22 0.112311
17 -0.632266
16 0.482606
1 -0.479465
11 0.428598
16 0.783771
16 0.728380
11 0.621927
3 -0.977073
11 -0.336452
25 0.618826
8 0.879556
10 -0.904733
11 0.073559
15 0.340840
2 0.695113
16 -0.631035
8 0.223957
4 0.973230
4 0.274132
15 -0.333661
19 0.959667
8 -0.993675
15 -0.293879
23 -0.369238
24 -0.584715
9 -0.067060
9 0.420976
20 0.609548
21 -0.030935
25 0.750475
4 -0.346080
7 0.231329
9 -0.491989
4 0.179167
23 -0.606481
15 -0.137220
14 -0.440331
6 0.678231
21 -0.636294
18 -0.529884
12 -0.994655
14 -0.876381
4 0.792576
9 0.652517
6 -0.268287
11 -0.364737
19 -0.633226
15 0.780941
2 0.612445
3 0.265427
13 -0.827626
15 0.758843
2 0.147680
4 0.501048
6 0.401876
11 -0.849830
10 0.396091
5 -0.580866
23 -0.835658
2 0.913737
18 -0.257336
20 -0.636176
14 -0.800413
19 -0.900941
8 -0.196764
17 0.233074
16 0.882685
4 0.589480
3 0.095440
23 0.966057
6 -0.931580
13 0.075432
18 0.681940
4 -0.789801
7 0.683632
22 0.818363
22 -0.836334
2 -0.423041
3 -0.653828
6 -0.401750
24 0.727068
18 0.134923
2 0.726590
16 -0.812827
15 0.319779
12 0.245973
13 -0.702492
12 -0.357761
8 0.196160
8 0.771186
23 0.905713
19 0.253036
14 -0.198989
11 0.524591
18 0.626634
15 0.273626
21 -0.227516
21 0.442022
14 0.078882
24 0.124542
3 -0.798324
8 -0.111062
1 -0.680800
5 0.798460
18 -0.243643
21 0.316518
8 -0.315720
20 -0.104550
13 -0.774206
15 -0.260817
9 0.699184
3 0.103336
7 0.533172
1 0.205756
25 -0.336901
18 0.991163
17 -0.569649
13 -0.530713
